<?xml version="1.0" encoding="UTF-8"?>
<!-- Generated by org.testng.reporters.JUnitReportReporter -->
<testsuite hostname="LAPTOP-E13K950A" failures="0" tests="4" name="TESTNGBootcampProject.BootcampTestNG_HomeDepot.NewTestHDBC" time="24.520" errors="0" timestamp="2023-09-04T21:20:45 EDT" skipped="0">
  <testcase classname="TESTNGBootcampProject.BootcampTestNG_HomeDepot.NewTestHDBC" name="f" time="5.159"/>
  <testcase classname="TESTNGBootcampProject.BootcampTestNG_HomeDepot.NewTestHDBC" name="f4" time="5.845"/>
  <testcase classname="TESTNGBootcampProject.BootcampTestNG_HomeDepot.NewTestHDBC" name="f3" time="5.232"/>
  <testcase classname="TESTNGBootcampProject.BootcampTestNG_HomeDepot.NewTestHDBC" name="f2" time="8.284"/>
</testsuite> <!-- TESTNGBootcampProject.BootcampTestNG_HomeDepot.NewTestHDBC -->
