<?xml version="1.0" encoding="UTF-8"?>
<!-- Generated by org.testng.reporters.JUnitReportReporter -->
<testsuite hostname="LAPTOP-E13K950A" failures="0" tests="2" name="TESTNGBootcampProject.BootcampTestNG_HomeDepot.NewTest" time="0.007" errors="0" timestamp="2023-09-04T18:56:31 EDT" skipped="0">
  <testcase classname="TESTNGBootcampProject.BootcampTestNG_HomeDepot.NewTest" name="f" time="0.005"/>
  <testcase classname="TESTNGBootcampProject.BootcampTestNG_HomeDepot.NewTest" name="f2" time="0.002"/>
</testsuite> <!-- TESTNGBootcampProject.BootcampTestNG_HomeDepot.NewTest -->
